<?xml version="1.0" encoding="UTF-8"?>
<testng-results skipped="0" failed="1" ignored="0" total="1" passed="0">
  <reporter-output>
  </reporter-output>
  <suite name="Default suite" duration-ms="60390" started-at="2019-11-26T16:31:54Z" finished-at="2019-11-26T16:32:55Z">
    <groups>
    </groups>
    <test name="Default test" duration-ms="60390" started-at="2019-11-26T16:31:54Z" finished-at="2019-11-26T16:32:55Z">
      <class name="tests.BookTest">
        <test-method status="PASS" signature="setUp()[pri:0, instance:tests.BookTest@3c947bc5]" name="setUp" is-config="true" duration-ms="51310" started-at="2019-11-26T16:31:54Z" finished-at="2019-11-26T16:32:46Z">
          <reporter-output>
          </reporter-output>
        </test-method> <!-- setUp -->
        <test-method status="FAIL" signature="bookTest()[pri:0, instance:tests.BookTest@3c947bc5]" name="bookTest" duration-ms="6869" started-at="2019-11-26T16:32:46Z" finished-at="2019-11-26T16:32:53Z">
          <exception class="org.openqa.selenium.StaleElementReferenceException">
            <message>
              <![CDATA[Cached elements 'By.id: flag_image_view' do not exist in DOM anymore (WARNING: The server did not provide any stacktrace information)
Command duration or timeout: 1.96 seconds
For documentation on this error, please visit: http://seleniumhq.org/exceptions/stale_element_reference.html
Build info: version: '2.53.1', revision: 'a36b8b1cd5757287168e54b817830adce9b0158d', time: '2016-06-30 19:26:09'
System info: host: 'Medhat-PC', ip: '192.168.1.4', os.name: 'Windows 7', os.arch: 'amd64', os.version: '6.1', java.version: '1.8.0_221'
Driver info: io.appium.java_client.android.AndroidDriver
Capabilities [{appPackage=io.swvl.customer, statBarHeight=54, viewportRect={top=54, left=0, width=1080, height=1962}, deviceName=VOFIU8JNMRSCLBKF, platform=LINUX, deviceUDID=VOFIU8JNMRSCLBKF, desired={app=C:\Users\Medhat\eclipse-workspace\swvl-automation-task\resources\Swvl-v5.3.1.apk, platformVersion=7.1.1, appWaitActivity=io.swvl.customer.*, autoGrantPermissions=true, udid=VOFIU8JNMRSCLBKF, platformName=Android, deviceName=OPPO F5}, platformVersion=7.1.1, webStorageEnabled=false, takesScreenshot=true, javascriptEnabled=true, udid=VOFIU8JNMRSCLBKF, platformName=Android, deviceApiLevel=25, deviceManufacturer=OPPO, app=C:\Users\Medhat\eclipse-workspace\swvl-automation-task\resources\Swvl-v5.3.1.apk, deviceScreenSize=1080x2160, networkConnectionEnabled=true, warnings={}, appWaitActivity=io.swvl.customer.*, databaseEnabled=false, pixelRatio=3, locationContextEnabled=false, autoGrantPermissions=true, deviceScreenDensity=480, deviceModel=CPH1723}]
Session ID: 327d3c77-f325-4960-a834-22693ef625cc]]>
            </message>
            <full-stacktrace>
              <![CDATA[org.openqa.selenium.StaleElementReferenceException: Cached elements 'By.id: flag_image_view' do not exist in DOM anymore (WARNING: The server did not provide any stacktrace information)
Command duration or timeout: 1.96 seconds
For documentation on this error, please visit: http://seleniumhq.org/exceptions/stale_element_reference.html
Build info: version: '2.53.1', revision: 'a36b8b1cd5757287168e54b817830adce9b0158d', time: '2016-06-30 19:26:09'
System info: host: 'Medhat-PC', ip: '192.168.1.4', os.name: 'Windows 7', os.arch: 'amd64', os.version: '6.1', java.version: '1.8.0_221'
Driver info: io.appium.java_client.android.AndroidDriver
Capabilities [{appPackage=io.swvl.customer, statBarHeight=54, viewportRect={top=54, left=0, width=1080, height=1962}, deviceName=VOFIU8JNMRSCLBKF, platform=LINUX, deviceUDID=VOFIU8JNMRSCLBKF, desired={app=C:\Users\Medhat\eclipse-workspace\swvl-automation-task\resources\Swvl-v5.3.1.apk, platformVersion=7.1.1, appWaitActivity=io.swvl.customer.*, autoGrantPermissions=true, udid=VOFIU8JNMRSCLBKF, platformName=Android, deviceName=OPPO F5}, platformVersion=7.1.1, webStorageEnabled=false, takesScreenshot=true, javascriptEnabled=true, udid=VOFIU8JNMRSCLBKF, platformName=Android, deviceApiLevel=25, deviceManufacturer=OPPO, app=C:\Users\Medhat\eclipse-workspace\swvl-automation-task\resources\Swvl-v5.3.1.apk, deviceScreenSize=1080x2160, networkConnectionEnabled=true, warnings={}, appWaitActivity=io.swvl.customer.*, databaseEnabled=false, pixelRatio=3, locationContextEnabled=false, autoGrantPermissions=true, deviceScreenDensity=480, deviceModel=CPH1723}]
Session ID: 327d3c77-f325-4960-a834-22693ef625cc
at sun.reflect.NativeConstructorAccessorImpl.newInstance0(Native Method)
at sun.reflect.NativeConstructorAccessorImpl.newInstance(Unknown Source)
at sun.reflect.DelegatingConstructorAccessorImpl.newInstance(Unknown Source)
at java.lang.reflect.Constructor.newInstance(Unknown Source)
at org.openqa.selenium.remote.ErrorHandler.createThrowable(ErrorHandler.java:206)
at org.openqa.selenium.remote.ErrorHandler.throwIfResponseFailed(ErrorHandler.java:158)
at org.openqa.selenium.remote.RemoteWebDriver.execute(RemoteWebDriver.java:678)
at io.appium.java_client.DefaultGenericMobileDriver.execute(DefaultGenericMobileDriver.java:40)
at io.appium.java_client.AppiumDriver.execute(AppiumDriver.java:1)
at io.appium.java_client.android.AndroidDriver.execute(AndroidDriver.java:1)
at org.openqa.selenium.remote.RemoteWebElement.execute(RemoteWebElement.java:327)
at io.appium.java_client.DefaultGenericMobileElement.execute(DefaultGenericMobileElement.java:33)
at io.appium.java_client.MobileElement.execute(MobileElement.java:1)
at io.appium.java_client.android.AndroidElement.execute(AndroidElement.java:1)
at org.openqa.selenium.remote.RemoteWebElement.click(RemoteWebElement.java:85)
at sun.reflect.NativeMethodAccessorImpl.invoke0(Native Method)
at sun.reflect.NativeMethodAccessorImpl.invoke(Unknown Source)
at sun.reflect.DelegatingMethodAccessorImpl.invoke(Unknown Source)
at java.lang.reflect.Method.invoke(Unknown Source)
at io.appium.java_client.pagefactory.ElementInterceptor.getObject(ElementInterceptor.java:39)
at io.appium.java_client.pagefactory.interceptors.InterceptorOfASingleElement.intercept(InterceptorOfASingleElement.java:58)
at io.appium.java_client.android.AndroidElement$$EnhancerByCGLIB$$c0b591f0.click(<generated>)
at pages.LoginPage.login(LoginPage.java:54)
at tests.BookTest.bookTest(BookTest.java:14)
at sun.reflect.NativeMethodAccessorImpl.invoke0(Native Method)
at sun.reflect.NativeMethodAccessorImpl.invoke(Unknown Source)
at sun.reflect.DelegatingMethodAccessorImpl.invoke(Unknown Source)
at java.lang.reflect.Method.invoke(Unknown Source)
at org.testng.internal.MethodInvocationHelper.invokeMethod(MethodInvocationHelper.java:124)
at org.testng.internal.Invoker.invokeMethod(Invoker.java:583)
at org.testng.internal.Invoker.invokeTestMethod(Invoker.java:719)
at org.testng.internal.Invoker.invokeTestMethods(Invoker.java:989)
at org.testng.internal.TestMethodWorker.invokeTestMethods(TestMethodWorker.java:125)
at org.testng.internal.TestMethodWorker.run(TestMethodWorker.java:109)
at org.testng.TestRunner.privateRun(TestRunner.java:648)
at org.testng.TestRunner.run(TestRunner.java:505)
at org.testng.SuiteRunner.runTest(SuiteRunner.java:455)
at org.testng.SuiteRunner.runSequentially(SuiteRunner.java:450)
at org.testng.SuiteRunner.privateRun(SuiteRunner.java:415)
at org.testng.SuiteRunner.run(SuiteRunner.java:364)
at org.testng.SuiteRunnerWorker.runSuite(SuiteRunnerWorker.java:52)
at org.testng.SuiteRunnerWorker.run(SuiteRunnerWorker.java:84)
at org.testng.TestNG.runSuitesSequentially(TestNG.java:1208)
at org.testng.TestNG.runSuitesLocally(TestNG.java:1137)
at org.testng.TestNG.runSuites(TestNG.java:1049)
at org.testng.TestNG.run(TestNG.java:1017)
at org.testng.remote.AbstractRemoteTestNG.run(AbstractRemoteTestNG.java:115)
at org.testng.remote.RemoteTestNG.initAndRun(RemoteTestNG.java:251)
at org.testng.remote.RemoteTestNG.main(RemoteTestNG.java:77)
]]>
            </full-stacktrace>
          </exception> <!-- org.openqa.selenium.StaleElementReferenceException -->
          <reporter-output>
          </reporter-output>
        </test-method> <!-- bookTest -->
        <test-method status="PASS" signature="stop()[pri:0, instance:tests.BookTest@3c947bc5]" name="stop" is-config="true" duration-ms="2137" started-at="2019-11-26T16:32:53Z" finished-at="2019-11-26T16:32:55Z">
          <reporter-output>
          </reporter-output>
        </test-method> <!-- stop -->
      </class> <!-- tests.BookTest -->
    </test> <!-- Default test -->
  </suite> <!-- Default suite -->
</testng-results>
