<?xml version="1.0" encoding="UTF-8"?>
<!-- Generated by org.testng.reporters.JUnitReportReporter -->
<testsuite skipped="0" hostname="Medhat-PC" name="tests.BookTest" tests="1" failures="0" timestamp="26 Nov 2019 16:32:56 GMT" time="6.869" errors="1">
  <testcase name="bookTest" time="6.869" classname="tests.BookTest">
    <error type="org.openqa.selenium.StaleElementReferenceException" message="Cached elements &#039;By.id: flag_image_view&#039; do not exist in DOM anymore (WARNING: The server did not provide any stacktrace information)
Command duration or timeout: 1.96 seconds
For documentation on this error, please visit: http://seleniumhq.org/exceptions/stale_element_reference.html
Build info: version: &#039;2.53.1&#039;, revision: &#039;a36b8b1cd5757287168e54b817830adce9b0158d&#039;, time: &#039;2016-06-30 19:26:09&#039;
System info: host: &#039;Medhat-PC&#039;, ip: &#039;192.168.1.4&#039;, os.name: &#039;Windows 7&#039;, os.arch: &#039;amd64&#039;, os.version: &#039;6.1&#039;, java.version: &#039;1.8.0_221&#039;
Driver info: io.appium.java_client.android.AndroidDriver
Capabilities [{appPackage=io.swvl.customer, statBarHeight=54, viewportRect={top=54, left=0, width=1080, height=1962}, deviceName=VOFIU8JNMRSCLBKF, platform=LINUX, deviceUDID=VOFIU8JNMRSCLBKF, desired={app=C:\Users\Medhat\eclipse-workspace\swvl-automation-task\resources\Swvl-v5.3.1.apk, platformVersion=7.1.1, appWaitActivity=io.swvl.customer.*, autoGrantPermissions=true, udid=VOFIU8JNMRSCLBKF, platformName=Android, deviceName=OPPO F5}, platformVersion=7.1.1, webStorageEnabled=false, takesScreenshot=true, javascriptEnabled=true, udid=VOFIU8JNMRSCLBKF, platformName=Android, deviceApiLevel=25, deviceManufacturer=OPPO, app=C:\Users\Medhat\eclipse-workspace\swvl-automation-task\resources\Swvl-v5.3.1.apk, deviceScreenSize=1080x2160, networkConnectionEnabled=true, warnings={}, appWaitActivity=io.swvl.customer.*, databaseEnabled=false, pixelRatio=3, locationContextEnabled=false, autoGrantPermissions=true, deviceScreenDensity=480, deviceModel=CPH1723}]
Session ID: 327d3c77-f325-4960-a834-22693ef625cc">
      <![CDATA[org.openqa.selenium.StaleElementReferenceException: Cached elements 'By.id: flag_image_view' do not exist in DOM anymore (WARNING: The server did not provide any stacktrace information)
Command duration or timeout: 1.96 seconds
For documentation on this error, please visit: http://seleniumhq.org/exceptions/stale_element_reference.html
Build info: version: '2.53.1', revision: 'a36b8b1cd5757287168e54b817830adce9b0158d', time: '2016-06-30 19:26:09'
System info: host: 'Medhat-PC', ip: '192.168.1.4', os.name: 'Windows 7', os.arch: 'amd64', os.version: '6.1', java.version: '1.8.0_221'
Driver info: io.appium.java_client.android.AndroidDriver
Capabilities [{appPackage=io.swvl.customer, statBarHeight=54, viewportRect={top=54, left=0, width=1080, height=1962}, deviceName=VOFIU8JNMRSCLBKF, platform=LINUX, deviceUDID=VOFIU8JNMRSCLBKF, desired={app=C:\Users\Medhat\eclipse-workspace\swvl-automation-task\resources\Swvl-v5.3.1.apk, platformVersion=7.1.1, appWaitActivity=io.swvl.customer.*, autoGrantPermissions=true, udid=VOFIU8JNMRSCLBKF, platformName=Android, deviceName=OPPO F5}, platformVersion=7.1.1, webStorageEnabled=false, takesScreenshot=true, javascriptEnabled=true, udid=VOFIU8JNMRSCLBKF, platformName=Android, deviceApiLevel=25, deviceManufacturer=OPPO, app=C:\Users\Medhat\eclipse-workspace\swvl-automation-task\resources\Swvl-v5.3.1.apk, deviceScreenSize=1080x2160, networkConnectionEnabled=true, warnings={}, appWaitActivity=io.swvl.customer.*, databaseEnabled=false, pixelRatio=3, locationContextEnabled=false, autoGrantPermissions=true, deviceScreenDensity=480, deviceModel=CPH1723}]
Session ID: 327d3c77-f325-4960-a834-22693ef625cc
at sun.reflect.NativeConstructorAccessorImpl.newInstance0(Native Method)
at sun.reflect.NativeConstructorAccessorImpl.newInstance(Unknown Source)
at sun.reflect.DelegatingConstructorAccessorImpl.newInstance(Unknown Source)
at java.lang.reflect.Constructor.newInstance(Unknown Source)
at org.openqa.selenium.remote.ErrorHandler.createThrowable(ErrorHandler.java:206)
at org.openqa.selenium.remote.ErrorHandler.throwIfResponseFailed(ErrorHandler.java:158)
at org.openqa.selenium.remote.RemoteWebDriver.execute(RemoteWebDriver.java:678)
at io.appium.java_client.DefaultGenericMobileDriver.execute(DefaultGenericMobileDriver.java:40)
at io.appium.java_client.AppiumDriver.execute(AppiumDriver.java:1)
at io.appium.java_client.android.AndroidDriver.execute(AndroidDriver.java:1)
at org.openqa.selenium.remote.RemoteWebElement.execute(RemoteWebElement.java:327)
at io.appium.java_client.DefaultGenericMobileElement.execute(DefaultGenericMobileElement.java:33)
at io.appium.java_client.MobileElement.execute(MobileElement.java:1)
at io.appium.java_client.android.AndroidElement.execute(AndroidElement.java:1)
at org.openqa.selenium.remote.RemoteWebElement.click(RemoteWebElement.java:85)
at sun.reflect.NativeMethodAccessorImpl.invoke0(Native Method)
at sun.reflect.NativeMethodAccessorImpl.invoke(Unknown Source)
at sun.reflect.DelegatingMethodAccessorImpl.invoke(Unknown Source)
at java.lang.reflect.Method.invoke(Unknown Source)
at io.appium.java_client.pagefactory.ElementInterceptor.getObject(ElementInterceptor.java:39)
at io.appium.java_client.pagefactory.interceptors.InterceptorOfASingleElement.intercept(InterceptorOfASingleElement.java:58)
at io.appium.java_client.android.AndroidElement$$EnhancerByCGLIB$$c0b591f0.click(<generated>)
at pages.LoginPage.login(LoginPage.java:54)
at tests.BookTest.bookTest(BookTest.java:14)
at sun.reflect.NativeMethodAccessorImpl.invoke0(Native Method)
at sun.reflect.NativeMethodAccessorImpl.invoke(Unknown Source)
at sun.reflect.DelegatingMethodAccessorImpl.invoke(Unknown Source)
at java.lang.reflect.Method.invoke(Unknown Source)
at org.testng.internal.MethodInvocationHelper.invokeMethod(MethodInvocationHelper.java:124)
at org.testng.internal.Invoker.invokeMethod(Invoker.java:583)
at org.testng.internal.Invoker.invokeTestMethod(Invoker.java:719)
at org.testng.internal.Invoker.invokeTestMethods(Invoker.java:989)
at org.testng.internal.TestMethodWorker.invokeTestMethods(TestMethodWorker.java:125)
at org.testng.internal.TestMethodWorker.run(TestMethodWorker.java:109)
at org.testng.TestRunner.privateRun(TestRunner.java:648)
at org.testng.TestRunner.run(TestRunner.java:505)
at org.testng.SuiteRunner.runTest(SuiteRunner.java:455)
at org.testng.SuiteRunner.runSequentially(SuiteRunner.java:450)
at org.testng.SuiteRunner.privateRun(SuiteRunner.java:415)
at org.testng.SuiteRunner.run(SuiteRunner.java:364)
at org.testng.SuiteRunnerWorker.runSuite(SuiteRunnerWorker.java:52)
at org.testng.SuiteRunnerWorker.run(SuiteRunnerWorker.java:84)
at org.testng.TestNG.runSuitesSequentially(TestNG.java:1208)
at org.testng.TestNG.runSuitesLocally(TestNG.java:1137)
at org.testng.TestNG.runSuites(TestNG.java:1049)
at org.testng.TestNG.run(TestNG.java:1017)
at org.testng.remote.AbstractRemoteTestNG.run(AbstractRemoteTestNG.java:115)
at org.testng.remote.RemoteTestNG.initAndRun(RemoteTestNG.java:251)
at org.testng.remote.RemoteTestNG.main(RemoteTestNG.java:77)
]]>
    </error>
  </testcase> <!-- bookTest -->
</testsuite> <!-- tests.BookTest -->
