<?xml version="1.0" encoding="UTF-8"?>
<!-- Generated by org.testng.reporters.JUnitReportReporter -->
<testsuite skipped="1" hostname="Medhat-PC" name="tests.BookTest" tests="2" failures="0" timestamp="25 Nov 2019 20:09:39 GMT" time="46.785" errors="1">
  <testcase name="setUp" time="46.785" classname="tests.BookTest">
    <error type="org.openqa.selenium.NoAlertPresentException" message="No alert is present on the screen (WARNING: The server did not provide any stacktrace information)
Command duration or timeout: 93 milliseconds
Build info: version: &#039;2.53.1&#039;, revision: &#039;a36b8b1cd5757287168e54b817830adce9b0158d&#039;, time: &#039;2016-06-30 19:26:09&#039;
System info: host: &#039;Medhat-PC&#039;, ip: &#039;192.168.1.32&#039;, os.name: &#039;Windows 7&#039;, os.arch: &#039;amd64&#039;, os.version: &#039;6.1&#039;, java.version: &#039;1.8.0_221&#039;
Driver info: io.appium.java_client.android.AndroidDriver
Capabilities [{appPackage=io.swvl.customer, statBarHeight=54, viewportRect={top=54, left=0, width=1080, height=1962}, deviceName=VOFIU8JNMRSCLBKF, platform=LINUX, deviceUDID=VOFIU8JNMRSCLBKF, desired={app=C:\Users\Medhat\eclipse-workspace\swvl-automation-task\resources\Swvl-v5.3.1.apk, platformVersion=7.1.1, appWaitActivity=io.swvl.customer.*, autoGrantPermissions=true, udid=VOFIU8JNMRSCLBKF, platformName=Android, deviceName=OPPO F5}, platformVersion=7.1.1, webStorageEnabled=false, takesScreenshot=true, javascriptEnabled=true, udid=VOFIU8JNMRSCLBKF, platformName=Android, deviceApiLevel=25, deviceManufacturer=OPPO, app=C:\Users\Medhat\eclipse-workspace\swvl-automation-task\resources\Swvl-v5.3.1.apk, deviceScreenSize=1080x2160, networkConnectionEnabled=true, warnings={}, appWaitActivity=io.swvl.customer.*, databaseEnabled=false, pixelRatio=3, locationContextEnabled=false, autoGrantPermissions=true, deviceScreenDensity=480, deviceModel=CPH1723}]
Session ID: df2f82ed-00ee-409c-924c-1ce3cb3c8f5c">
      <![CDATA[org.openqa.selenium.NoAlertPresentException: No alert is present on the screen (WARNING: The server did not provide any stacktrace information)
Command duration or timeout: 93 milliseconds
Build info: version: '2.53.1', revision: 'a36b8b1cd5757287168e54b817830adce9b0158d', time: '2016-06-30 19:26:09'
System info: host: 'Medhat-PC', ip: '192.168.1.32', os.name: 'Windows 7', os.arch: 'amd64', os.version: '6.1', java.version: '1.8.0_221'
Driver info: io.appium.java_client.android.AndroidDriver
Capabilities [{appPackage=io.swvl.customer, statBarHeight=54, viewportRect={top=54, left=0, width=1080, height=1962}, deviceName=VOFIU8JNMRSCLBKF, platform=LINUX, deviceUDID=VOFIU8JNMRSCLBKF, desired={app=C:\Users\Medhat\eclipse-workspace\swvl-automation-task\resources\Swvl-v5.3.1.apk, platformVersion=7.1.1, appWaitActivity=io.swvl.customer.*, autoGrantPermissions=true, udid=VOFIU8JNMRSCLBKF, platformName=Android, deviceName=OPPO F5}, platformVersion=7.1.1, webStorageEnabled=false, takesScreenshot=true, javascriptEnabled=true, udid=VOFIU8JNMRSCLBKF, platformName=Android, deviceApiLevel=25, deviceManufacturer=OPPO, app=C:\Users\Medhat\eclipse-workspace\swvl-automation-task\resources\Swvl-v5.3.1.apk, deviceScreenSize=1080x2160, networkConnectionEnabled=true, warnings={}, appWaitActivity=io.swvl.customer.*, databaseEnabled=false, pixelRatio=3, locationContextEnabled=false, autoGrantPermissions=true, deviceScreenDensity=480, deviceModel=CPH1723}]
Session ID: df2f82ed-00ee-409c-924c-1ce3cb3c8f5c
at sun.reflect.NativeConstructorAccessorImpl.newInstance0(Native Method)
at sun.reflect.NativeConstructorAccessorImpl.newInstance(Unknown Source)
at sun.reflect.DelegatingConstructorAccessorImpl.newInstance(Unknown Source)
at java.lang.reflect.Constructor.newInstance(Unknown Source)
at org.openqa.selenium.remote.ErrorHandler.createThrowable(ErrorHandler.java:206)
at org.openqa.selenium.remote.ErrorHandler.throwIfResponseFailed(ErrorHandler.java:158)
at org.openqa.selenium.remote.RemoteWebDriver.execute(RemoteWebDriver.java:678)
at io.appium.java_client.DefaultGenericMobileDriver.execute(DefaultGenericMobileDriver.java:40)
at io.appium.java_client.AppiumDriver.execute(AppiumDriver.java:235)
at org.openqa.selenium.remote.RemoteWebDriver$RemoteTargetLocator.alert(RemoteWebDriver.java:1049)
at tests.BaseTest.setUp(BaseTest.java:54)
at sun.reflect.NativeMethodAccessorImpl.invoke0(Native Method)
at sun.reflect.NativeMethodAccessorImpl.invoke(Unknown Source)
at sun.reflect.DelegatingMethodAccessorImpl.invoke(Unknown Source)
at java.lang.reflect.Method.invoke(Unknown Source)
at org.testng.internal.MethodInvocationHelper.invokeMethod(MethodInvocationHelper.java:124)
at org.testng.internal.MethodInvocationHelper.invokeMethodConsideringTimeout(MethodInvocationHelper.java:59)
at org.testng.internal.Invoker.invokeConfigurationMethod(Invoker.java:458)
at org.testng.internal.Invoker.invokeConfigurations(Invoker.java:222)
at org.testng.internal.Invoker.invokeConfigurations(Invoker.java:142)
at org.testng.internal.TestMethodWorker.invokeBeforeClassMethods(TestMethodWorker.java:168)
at org.testng.internal.TestMethodWorker.run(TestMethodWorker.java:105)
at org.testng.TestRunner.privateRun(TestRunner.java:648)
at org.testng.TestRunner.run(TestRunner.java:505)
at org.testng.SuiteRunner.runTest(SuiteRunner.java:455)
at org.testng.SuiteRunner.runSequentially(SuiteRunner.java:450)
at org.testng.SuiteRunner.privateRun(SuiteRunner.java:415)
at org.testng.SuiteRunner.run(SuiteRunner.java:364)
at org.testng.SuiteRunnerWorker.runSuite(SuiteRunnerWorker.java:52)
at org.testng.SuiteRunnerWorker.run(SuiteRunnerWorker.java:84)
at org.testng.TestNG.runSuitesSequentially(TestNG.java:1208)
at org.testng.TestNG.runSuitesLocally(TestNG.java:1137)
at org.testng.TestNG.runSuites(TestNG.java:1049)
at org.testng.TestNG.run(TestNG.java:1017)
at org.testng.remote.AbstractRemoteTestNG.run(AbstractRemoteTestNG.java:115)
at org.testng.remote.RemoteTestNG.initAndRun(RemoteTestNG.java:251)
at org.testng.remote.RemoteTestNG.main(RemoteTestNG.java:77)
]]>
    </error>
  </testcase> <!-- setUp -->
  <testcase name="bookTest" time="0.000" classname="tests.BookTest">
    <skipped/>
  </testcase> <!-- bookTest -->
</testsuite> <!-- tests.BookTest -->
